0 info it worked if it ends with ok
1 verbose cli [ 'c:\\Program Files (x86)\\nodejs\\node.exe',
1 verbose cli   'c:\\Program Files (x86)\\nodejs\\node_modules\\npm\\bin\\npm-cli.js',
1 verbose cli   'start' ]
2 info using npm@3.6.0
3 info using node@v5.7.0
4 verbose run-script [ 'prestart', 'start', 'poststart' ]
5 info lifecycle angular2-quickstart@1.0.0~prestart: angular2-quickstart@1.0.0
6 silly lifecycle angular2-quickstart@1.0.0~prestart: no script for prestart, continuing
7 info lifecycle angular2-quickstart@1.0.0~start: angular2-quickstart@1.0.0
8 verbose lifecycle angular2-quickstart@1.0.0~start: unsafe-perm in lifecycle true
9 verbose lifecycle angular2-quickstart@1.0.0~start: PATH: c:\Program Files (x86)\nodejs\node_modules\npm\bin\node-gyp-bin;c:\Users\Mateen\Desktop\my-proj\node_modules\.bin;c:\Users\Mateen\bin;.;C:\Program Files (x86)\Git\local\bin;C:\Program Files (x86)\Git\mingw\bin;C:\Program Files (x86)\Git\bin;C:\Program Files (x86)\Git\bin;c:\ProgramData\Oracle\Java\javapath;c:\app\client\Mateen\product\12.1.0\client_1;c:\app\client\Mateen\product\12.1.0\client_1\bin;e:\app\Mateen\product\12.1.0\dbhome_1\bin;c:\oraclexe\app\oracle\product\11.2.0\server\bin;e:\app\Mateen\OraHome_1\bin;e:\winx64_12102_database_1of2\database\bin;e:\app\client\Mateen\product\12.1.0\client_1;e:\app\client\Mateen\product\12.1.0\client_1\bin;e:\app\Mateen\product\11.2.0\client_2;e:\app\Mateen\product\11.2.0\client_2\bin;e:\app\Mateen\product\11.2.0\client_1;e:\app\Mateen\product\11.2.0\client_1\bin;c:\ProgramData\Oracle\Java\javapath;c:\Program Files (x86)\Intel\iCLS Client\;c:\Program Files\Intel\iCLS Client\;c:\WINDOWS\system32;c:\WINDOWS;c:\WINDOWS\System32\Wbem;c:\WINDOWS\System32\WindowsPowerShell\v1.0\;c:\Program Files\Microsoft SQL Server\110\Tools\Binn\;c:\Program Files\Microsoft SQL Server\120\Tools\Binn\;c:\Program Files\Microsoft SQL Server\Client SDK\ODBC\110\Tools\Binn\;c:\Program Files (x86)\Microsoft SQL Server\120\Tools\Binn\;c:\Program Files\Microsoft SQL Server\120\DTS\Binn\;c:\Program Files (x86)\Microsoft SQL Server\120\Tools\Binn\ManagementStudio\;c:\Program Files (x86)\Microsoft SQL Server\120\DTS\Binn\;c:\Users\Mateen\AppData\Roaming\npm;c:\Program Files (x86)\Java\jre1.8.0_45\bin;c:\Program Files (x86)\Java\jdk1.8.0_45\bin;c:\Program Files\Microsoft\Web Platform Installer\;c:\Program Files (x86)\WinMerge;c:\Program Files (x86)\GitExtensions\;c:\Program Files (x86)\MySQL\MySQL Fabric 1.5 & MySQL Utilities 1.5\;c:\Program Files (x86)\MySQL\MySQL Fabric 1.5 & MySQL Utilities 1.5\Doctrine extensions for PHP\;c:\Program Files\MySQL\MySQL Server 5.6\bin;c:\Python27;c:\HashiCorp\Vagrant\bin;c:\cygwin64\bin;c:\Program Files (x86)\GtkSharp\2.12\bin;c:\Program Files (x86)\Microsoft SQL Server\Client SDK\ODBC\110\Tools\Binn\;c:\Program Files (x86)\Microsoft Visual Studio 12.0\Common7\IDE\PrivateAssemblies\;c:\Program Files (x86)\Skype\Phone\;c:\Program Files (x86)\VisualSVN\bin;c:\Program Files\Microsoft SQL Server\130\Tools\Binn\;c:\Program Files (x86)\Microsoft SQL Server\130\DTS\Binn\;c:\Program Files (x86)\Windows Kits\10\Windows Performance Toolkit\;c:\Program Files\Microsoft DNX\Dnvm\;c:\Program Files\TortoiseSVN\bin;c:\Program Files\Git\cmd;c:\Program Files (x86)\nodejs\;c:\Program Files (x86)\Microsoft Emulator Manager\1.0\;c:\Program Files (x86)\Microsoft SQL Server\Client SDK\ODBC\130\Tools\Binn\;c:\Program Files (x86)\Microsoft SQL Server\110\DTS\Binn\;c:\Program Files\Intel\Intel(R) Management Engine Components\DAL;c:\Program Files\Intel\Intel(R) Management Engine Components\IPT;c:\Program Files (x86)\Intel\Intel(R) Management Engine Components\DAL;c:\Program Files (x86)\Intel\Intel(R) Management Engine Components\IPT;c:\Program Files (x86)\Microsoft SDKs\TypeScript\1.8\;c:\Users\Mateen\AppData\Roaming\npm;c:\Program Files\MongoDB\Server\3.2\bin;c:\Program Files\SourceGear\Common\DiffMerge\;c:\Users\Mateen\Downloads\ngrok-stable-windows-amd64;c:\Program Files (x86)\Skype\Phone\;c:\Program Files\dotnet\;c:\Program Files (x86)\Java\jdk1.8.0_45\bin;c:\Program Files\Microsoft SQL Server\130\Tools\Binn\;c:\WINDOWS\system32;c:\WINDOWS;c:\WINDOWS\System32\Wbem;c:\WINDOWS\System32\WindowsPowerShell\v1.0\;c:\Users\Mateen\.dnx\runtimes\dnx-clr-win-x86.1.0.0-rc1-update1\bin;c:\Users\Mateen\.dnx\bin;c:\Program Files (x86)\Java\jre1.8.0_45\bin;c:\Users\Mateen\AppData\Roaming\npm\cordova;c:\app\client\Mateen\product\12.1.0\client_1;c:\app\client\Mateen\product\12.1.0\client_1\bin;e:\app\Mateen\product\12.1.0\dbhome_1\bin;c:\oraclexe\app\oracle\product\11.2.0\server\bin;e:\app\Mateen\OraHome_1\bin;e:\winx64_12102_database_1of2\database\bin;e:\app\client\Mateen\product\12.1.0\client_1;e:\app\client\Mateen\product\12.1.0\client_1\bin;e:\app\Mateen\product\11.2.0\client_2;e:\app\Mateen\product\11.2.0\client_2\bin;e:\app\Mateen\product\11.2.0\client_1;e:\app\Mateen\product\11.2.0\client_1\bin;c:\ProgramData\Oracle\Java\javapath;c:\Program Files (x86)\Intel\iCLS Client\;c:\Program Files\Intel\iCLS Client\;c:\WINDOWS\system32;.;c:\WINDOWS;c:\WINDOWS\System32\Wbem;c:\WINDOWS\System32\WindowsPowerShell\v1.0\;c:\Program Files\Intel\Intel(R) Management Engine Components\DAL;c:\Program Files\Intel\Intel(R) Management Engine Components\IPT;c:\Program Files (x86)\Intel\Intel(R) Management Engine Components\DAL;c:\Program Files (x86)\Intel\Intel(R) Management Engine Components\IPT;c:\Program Files\Microsoft SQL Server\110\Tools\Binn\;c:\Program Files\Microsoft SQL Server\120\Tools\Binn\;c:\Program Files\Microsoft SQL Server\Client SDK\ODBC\110\Tools\Binn\;c:\Program Files (x86)\Microsoft SQL Server\120\Tools\Binn\;c:\Program Files\Microsoft SQL Server\120\DTS\Binn\;c:\Program Files (x86)\Microsoft SQL Server\120\Tools\Binn\ManagementStudio\;c:\Program Files (x86)\Microsoft SQL Server\120\DTS\Binn\;c:\Program Files (x86)\Java\jre1.8.0_45\bin;c:\Program Files (x86)\Java\jdk1.8.0_45\bin;c:\Program Files\Microsoft\Web Platform Installer\;c:\Program Files (x86)\WinMerge;c:\Program Files (x86)\GitExtensions\;c:\Program Files (x86)\Windows Kits\10\Windows Performance Toolkit\;c:\Program Files (x86)\MySQL\MySQL Fabric 1.5 & MySQL Utilities 1.5\;c:\Program Files (x86)\MySQL\MySQL Fabric 1.5 & MySQL Utilities 1.5\Doctrine extensions for PHP\;c:\Program Files\MySQL\MySQL Server 5.6\bin;c:\Python27;c:\HashiCorp\V;c:\Users\Mateen\AppData\Local\Google\Cloud SDK\google-cloud-sdk\bin;c:\Program Files (x86)\Microsoft VS Code\bin;c:\Users\Mateen\AppData\Roaming\npm;c:\Program Files\MongoDB\Server\3.2\bin;c:\Program Files (x86)\Microsoft VS Code\bin;c:\Program Files (x86)\Java\jdk1.8.0_45\bin;c:\Users\Mateen\AppData\Local\Microsoft\WindowsApps;.
10 verbose lifecycle angular2-quickstart@1.0.0~start: CWD: c:\Users\Mateen\Desktop\my-proj
11 silly lifecycle angular2-quickstart@1.0.0~start: Args: [ '/d /s /c', 'tsc && concurrently "tsc -w" "lite-server" ' ]
12 silly lifecycle angular2-quickstart@1.0.0~start: Returned: code: 2  signal: null
13 info lifecycle angular2-quickstart@1.0.0~start: Failed to exec start script
14 verbose stack Error: angular2-quickstart@1.0.0 start: `tsc && concurrently "tsc -w" "lite-server" `
14 verbose stack Exit status 2
14 verbose stack     at EventEmitter.<anonymous> (c:\Program Files (x86)\nodejs\node_modules\npm\lib\utils\lifecycle.js:232:16)
14 verbose stack     at emitTwo (events.js:100:13)
14 verbose stack     at EventEmitter.emit (events.js:185:7)
14 verbose stack     at ChildProcess.<anonymous> (c:\Program Files (x86)\nodejs\node_modules\npm\lib\utils\spawn.js:24:14)
14 verbose stack     at emitTwo (events.js:100:13)
14 verbose stack     at ChildProcess.emit (events.js:185:7)
14 verbose stack     at maybeClose (internal/child_process.js:827:16)
14 verbose stack     at Process.ChildProcess._handle.onexit (internal/child_process.js:211:5)
15 verbose pkgid angular2-quickstart@1.0.0
16 verbose cwd c:\Users\Mateen\Desktop\my-proj
17 error Windows_NT 10.0.14388
18 error argv "c:\\Program Files (x86)\\nodejs\\node.exe" "c:\\Program Files (x86)\\nodejs\\node_modules\\npm\\bin\\npm-cli.js" "start"
19 error node v5.7.0
20 error npm  v3.6.0
21 error code ELIFECYCLE
22 error angular2-quickstart@1.0.0 start: `tsc && concurrently "tsc -w" "lite-server" `
22 error Exit status 2
23 error Failed at the angular2-quickstart@1.0.0 start script 'tsc && concurrently "tsc -w" "lite-server" '.
23 error Make sure you have the latest version of node.js and npm installed.
23 error If you do, this is most likely a problem with the angular2-quickstart package,
23 error not with npm itself.
23 error Tell the author that this fails on your system:
23 error     tsc && concurrently "tsc -w" "lite-server"
23 error You can get information on how to open an issue for this project with:
23 error     npm bugs angular2-quickstart
23 error Or if that isn't available, you can get their info via:
23 error     npm owner ls angular2-quickstart
23 error There is likely additional logging output above.
24 verbose exit [ 1, true ]
